Connected to DB.
MarketReport Count: 0
Message Table Columns: [
  'routingPath',
  'createdAt',
  'usage',
  'diagnostic',
  'id',
  'reasoning',
  'conversationId',
  'role',
  'content'
]
Error: error: relation "MedicalTerm" does not exist
    at /home/supadhyay/Antigravity/Medical360/node_modules/pg/lib/client.js:631:17
    at process.processTicksAndRejections (node:internal/process/task_queues:103:5)
    at async checkData (/home/supadhyay/Antigravity/Medical360/scripts/check-db-pg.js:22:34) {
  length: 110,
  severity: 'ERROR',
  code: '42P01',
  detail: undefined,
  hint: undefined,
  position: '22',
  internalPosition: undefined,
  internalQuery: undefined,
  where: undefined,
  schema: undefined,
  table: undefined,
  column: undefined,
  dataType: undefined,
  constraint: undefined,
  file: 'parse_relation.c',
  line: '1466',
  routine: 'parserOpenTable'
}
